<?xml version="1.0" encoding="UTF-8"?>
<testsuite xmlns:xsi="http://www.w3.org/2001/XMLSchema-instance" xsi:noNamespaceSchemaLocation="https://maven.apache.org/surefire/maven-surefire-plugin/xsd/surefire-test-report.xsd" name="net.webApp.impl.PlayerDaoImplTest" time="0.108" tests="5" errors="5" skipped="0" failures="0">
  <properties>
    <property name="sun.desktop" value="gnome"/>
    <property name="awt.toolkit" value="sun.awt.X11.XToolkit"/>
    <property name="java.specification.version" value="11"/>
    <property name="sun.cpu.isalist" value=""/>
    <property name="sun.jnu.encoding" value="UTF-8"/>
    <property name="java.class.path" value="/home/codex/IdeaProjects/MoveYourBody/target/test-classes:/home/codex/IdeaProjects/MoveYourBody/target/classes:/home/codex/.m2/repository/org/junit/jupiter/junit-jupiter-api/5.4.0/junit-jupiter-api-5.4.0.jar:/home/codex/.m2/repository/org/apiguardian/apiguardian-api/1.0.0/apiguardian-api-1.0.0.jar:/home/codex/.m2/repository/org/opentest4j/opentest4j/1.1.1/opentest4j-1.1.1.jar:/home/codex/.m2/repository/org/junit/platform/junit-platform-commons/1.4.0/junit-platform-commons-1.4.0.jar:/home/codex/.m2/repository/org/junit/jupiter/junit-jupiter-engine/5.4.0/junit-jupiter-engine-5.4.0.jar:/home/codex/.m2/repository/org/junit/platform/junit-platform-engine/1.4.0/junit-platform-engine-1.4.0.jar:/home/codex/.m2/repository/com/sparkjava/spark-core/2.9.2/spark-core-2.9.2.jar:/home/codex/.m2/repository/org/slf4j/slf4j-api/1.7.25/slf4j-api-1.7.25.jar:/home/codex/.m2/repository/org/eclipse/jetty/jetty-server/9.4.30.v20200611/jetty-server-9.4.30.v20200611.jar:/home/codex/.m2/repository/javax/servlet/javax.servlet-api/3.1.0/javax.servlet-api-3.1.0.jar:/home/codex/.m2/repository/org/eclipse/jetty/jetty-http/9.4.30.v20200611/jetty-http-9.4.30.v20200611.jar:/home/codex/.m2/repository/org/eclipse/jetty/jetty-util/9.4.30.v20200611/jetty-util-9.4.30.v20200611.jar:/home/codex/.m2/repository/org/eclipse/jetty/jetty-io/9.4.30.v20200611/jetty-io-9.4.30.v20200611.jar:/home/codex/.m2/repository/org/eclipse/jetty/jetty-webapp/9.4.30.v20200611/jetty-webapp-9.4.30.v20200611.jar:/home/codex/.m2/repository/org/eclipse/jetty/jetty-xml/9.4.30.v20200611/jetty-xml-9.4.30.v20200611.jar:/home/codex/.m2/repository/org/eclipse/jetty/jetty-servlet/9.4.30.v20200611/jetty-servlet-9.4.30.v20200611.jar:/home/codex/.m2/repository/org/eclipse/jetty/jetty-security/9.4.30.v20200611/jetty-security-9.4.30.v20200611.jar:/home/codex/.m2/repository/org/eclipse/jetty/websocket/websocket-server/9.4.30.v20200611/websocket-server-9.4.30.v20200611.jar:/home/codex/.m2/repository/org/eclipse/jetty/websocket/websocket-common/9.4.30.v20200611/websocket-common-9.4.30.v20200611.jar:/home/codex/.m2/repository/org/eclipse/jetty/websocket/websocket-client/9.4.30.v20200611/websocket-client-9.4.30.v20200611.jar:/home/codex/.m2/repository/org/eclipse/jetty/jetty-client/9.4.30.v20200611/jetty-client-9.4.30.v20200611.jar:/home/codex/.m2/repository/org/eclipse/jetty/websocket/websocket-servlet/9.4.30.v20200611/websocket-servlet-9.4.30.v20200611.jar:/home/codex/.m2/repository/org/eclipse/jetty/websocket/websocket-api/9.4.30.v20200611/websocket-api-9.4.30.v20200611.jar:/home/codex/.m2/repository/org/slf4j/slf4j-simple/1.7.21/slf4j-simple-1.7.21.jar:/home/codex/.m2/repository/com/sparkjava/spark-template-handlebars/2.7.1/spark-template-handlebars-2.7.1.jar:/home/codex/.m2/repository/com/github/jknack/handlebars/4.0.6/handlebars-4.0.6.jar:/home/codex/.m2/repository/org/apache/commons/commons-lang3/3.1/commons-lang3-3.1.jar:/home/codex/.m2/repository/org/antlr/antlr4-runtime/4.5.1-1/antlr4-runtime-4.5.1-1.jar:/home/codex/.m2/repository/org/mozilla/rhino/1.7R4/rhino-1.7R4.jar:/home/codex/.m2/repository/com/github/jknack/handlebars-guava-cache/4.0.6/handlebars-guava-cache-4.0.6.jar:/home/codex/.m2/repository/org/jdbi/jdbi3-core/3.1.0/jdbi3-core-3.1.0.jar:/home/codex/.m2/repository/org/antlr/antlr-runtime/3.4/antlr-runtime-3.4.jar:/home/codex/.m2/repository/org/antlr/stringtemplate/3.2.1/stringtemplate-3.2.1.jar:/home/codex/.m2/repository/antlr/antlr/2.7.7/antlr-2.7.7.jar:/home/codex/.m2/repository/net/jodah/expiringmap/0.5.6/expiringmap-0.5.6.jar:/home/codex/.m2/repository/com/google/guava/guava/23.0/guava-23.0.jar:/home/codex/.m2/repository/com/google/code/findbugs/jsr305/1.3.9/jsr305-1.3.9.jar:/home/codex/.m2/repository/com/google/errorprone/error_prone_annotations/2.0.18/error_prone_annotations-2.0.18.jar:/home/codex/.m2/repository/com/google/j2objc/j2objc-annotations/1.1/j2objc-annotations-1.1.jar:/home/codex/.m2/repository/org/codehaus/mojo/animal-sniffer-annotations/1.14/animal-sniffer-annotations-1.14.jar:/home/codex/.m2/repository/org/postgresql/postgresql/42.2.7/postgresql-42.2.7.jar:/home/codex/.m2/repository/com/github/rkmk/jdbi-folder/1.3/jdbi-folder-1.3.jar:/home/codex/.m2/repository/org/jdbi/jdbi/2.55/jdbi-2.55.jar:/home/codex/.m2/repository/com/google/code/findbugs/annotations/2.0.3/annotations-2.0.3.jar:/home/codex/.m2/repository/postgresql/postgresql/9.0-801.jdbc4/postgresql-9.0-801.jdbc4.jar:/home/codex/.m2/repository/mysql/mysql-connector-java/5.1.34/mysql-connector-java-5.1.34.jar:"/>
    <property name="java.vm.vendor" value="Ubuntu"/>
    <property name="sun.arch.data.model" value="64"/>
    <property name="java.vendor.url" value="https://ubuntu.com/"/>
    <property name="user.timezone" value=""/>
    <property name="java.vm.specification.version" value="11"/>
    <property name="os.name" value="Linux"/>
    <property name="sun.java.launcher" value="SUN_STANDARD"/>
    <property name="user.country" value="ZA"/>
    <property name="sun.boot.library.path" value="/usr/lib/jvm/java-11-openjdk-amd64/lib"/>
    <property name="sun.java.command" value="/home/codex/IdeaProjects/MoveYourBody/target/surefire/surefirebooter13671078290541841727.jar /home/codex/IdeaProjects/MoveYourBody/target/surefire 2020-12-10T16-17-46_649-jvmRun1 surefire3066511015552444819tmp surefire_01550741381248681898tmp"/>
    <property name="jdk.debug" value="release"/>
    <property name="surefire.test.class.path" value="/home/codex/IdeaProjects/MoveYourBody/target/test-classes:/home/codex/IdeaProjects/MoveYourBody/target/classes:/home/codex/.m2/repository/org/junit/jupiter/junit-jupiter-api/5.4.0/junit-jupiter-api-5.4.0.jar:/home/codex/.m2/repository/org/apiguardian/apiguardian-api/1.0.0/apiguardian-api-1.0.0.jar:/home/codex/.m2/repository/org/opentest4j/opentest4j/1.1.1/opentest4j-1.1.1.jar:/home/codex/.m2/repository/org/junit/platform/junit-platform-commons/1.4.0/junit-platform-commons-1.4.0.jar:/home/codex/.m2/repository/org/junit/jupiter/junit-jupiter-engine/5.4.0/junit-jupiter-engine-5.4.0.jar:/home/codex/.m2/repository/org/junit/platform/junit-platform-engine/1.4.0/junit-platform-engine-1.4.0.jar:/home/codex/.m2/repository/com/sparkjava/spark-core/2.9.2/spark-core-2.9.2.jar:/home/codex/.m2/repository/org/slf4j/slf4j-api/1.7.25/slf4j-api-1.7.25.jar:/home/codex/.m2/repository/org/eclipse/jetty/jetty-server/9.4.30.v20200611/jetty-server-9.4.30.v20200611.jar:/home/codex/.m2/repository/javax/servlet/javax.servlet-api/3.1.0/javax.servlet-api-3.1.0.jar:/home/codex/.m2/repository/org/eclipse/jetty/jetty-http/9.4.30.v20200611/jetty-http-9.4.30.v20200611.jar:/home/codex/.m2/repository/org/eclipse/jetty/jetty-util/9.4.30.v20200611/jetty-util-9.4.30.v20200611.jar:/home/codex/.m2/repository/org/eclipse/jetty/jetty-io/9.4.30.v20200611/jetty-io-9.4.30.v20200611.jar:/home/codex/.m2/repository/org/eclipse/jetty/jetty-webapp/9.4.30.v20200611/jetty-webapp-9.4.30.v20200611.jar:/home/codex/.m2/repository/org/eclipse/jetty/jetty-xml/9.4.30.v20200611/jetty-xml-9.4.30.v20200611.jar:/home/codex/.m2/repository/org/eclipse/jetty/jetty-servlet/9.4.30.v20200611/jetty-servlet-9.4.30.v20200611.jar:/home/codex/.m2/repository/org/eclipse/jetty/jetty-security/9.4.30.v20200611/jetty-security-9.4.30.v20200611.jar:/home/codex/.m2/repository/org/eclipse/jetty/websocket/websocket-server/9.4.30.v20200611/websocket-server-9.4.30.v20200611.jar:/home/codex/.m2/repository/org/eclipse/jetty/websocket/websocket-common/9.4.30.v20200611/websocket-common-9.4.30.v20200611.jar:/home/codex/.m2/repository/org/eclipse/jetty/websocket/websocket-client/9.4.30.v20200611/websocket-client-9.4.30.v20200611.jar:/home/codex/.m2/repository/org/eclipse/jetty/jetty-client/9.4.30.v20200611/jetty-client-9.4.30.v20200611.jar:/home/codex/.m2/repository/org/eclipse/jetty/websocket/websocket-servlet/9.4.30.v20200611/websocket-servlet-9.4.30.v20200611.jar:/home/codex/.m2/repository/org/eclipse/jetty/websocket/websocket-api/9.4.30.v20200611/websocket-api-9.4.30.v20200611.jar:/home/codex/.m2/repository/org/slf4j/slf4j-simple/1.7.21/slf4j-simple-1.7.21.jar:/home/codex/.m2/repository/com/sparkjava/spark-template-handlebars/2.7.1/spark-template-handlebars-2.7.1.jar:/home/codex/.m2/repository/com/github/jknack/handlebars/4.0.6/handlebars-4.0.6.jar:/home/codex/.m2/repository/org/apache/commons/commons-lang3/3.1/commons-lang3-3.1.jar:/home/codex/.m2/repository/org/antlr/antlr4-runtime/4.5.1-1/antlr4-runtime-4.5.1-1.jar:/home/codex/.m2/repository/org/mozilla/rhino/1.7R4/rhino-1.7R4.jar:/home/codex/.m2/repository/com/github/jknack/handlebars-guava-cache/4.0.6/handlebars-guava-cache-4.0.6.jar:/home/codex/.m2/repository/org/jdbi/jdbi3-core/3.1.0/jdbi3-core-3.1.0.jar:/home/codex/.m2/repository/org/antlr/antlr-runtime/3.4/antlr-runtime-3.4.jar:/home/codex/.m2/repository/org/antlr/stringtemplate/3.2.1/stringtemplate-3.2.1.jar:/home/codex/.m2/repository/antlr/antlr/2.7.7/antlr-2.7.7.jar:/home/codex/.m2/repository/net/jodah/expiringmap/0.5.6/expiringmap-0.5.6.jar:/home/codex/.m2/repository/com/google/guava/guava/23.0/guava-23.0.jar:/home/codex/.m2/repository/com/google/code/findbugs/jsr305/1.3.9/jsr305-1.3.9.jar:/home/codex/.m2/repository/com/google/errorprone/error_prone_annotations/2.0.18/error_prone_annotations-2.0.18.jar:/home/codex/.m2/repository/com/google/j2objc/j2objc-annotations/1.1/j2objc-annotations-1.1.jar:/home/codex/.m2/repository/org/codehaus/mojo/animal-sniffer-annotations/1.14/animal-sniffer-annotations-1.14.jar:/home/codex/.m2/repository/org/postgresql/postgresql/42.2.7/postgresql-42.2.7.jar:/home/codex/.m2/repository/com/github/rkmk/jdbi-folder/1.3/jdbi-folder-1.3.jar:/home/codex/.m2/repository/org/jdbi/jdbi/2.55/jdbi-2.55.jar:/home/codex/.m2/repository/com/google/code/findbugs/annotations/2.0.3/annotations-2.0.3.jar:/home/codex/.m2/repository/postgresql/postgresql/9.0-801.jdbc4/postgresql-9.0-801.jdbc4.jar:/home/codex/.m2/repository/mysql/mysql-connector-java/5.1.34/mysql-connector-java-5.1.34.jar:"/>
    <property name="sun.cpu.endian" value="little"/>
    <property name="user.home" value="/home/codex"/>
    <property name="user.language" value="en"/>
    <property name="java.specification.vendor" value="Oracle Corporation"/>
    <property name="java.version.date" value="2020-11-04"/>
    <property name="java.home" value="/usr/lib/jvm/java-11-openjdk-amd64"/>
    <property name="file.separator" value="/"/>
    <property name="basedir" value="/home/codex/IdeaProjects/MoveYourBody"/>
    <property name="java.vm.compressedOopsMode" value="32-bit"/>
    <property name="line.separator" value="&#10;"/>
    <property name="java.specification.name" value="Java Platform API Specification"/>
    <property name="java.vm.specification.vendor" value="Oracle Corporation"/>
    <property name="java.awt.graphicsenv" value="sun.awt.X11GraphicsEnvironment"/>
    <property name="surefire.real.class.path" value="/home/codex/IdeaProjects/MoveYourBody/target/surefire/surefirebooter13671078290541841727.jar"/>
    <property name="sun.management.compiler" value="HotSpot 64-Bit Tiered Compilers"/>
    <property name="java.runtime.version" value="11.0.9.1+1-Ubuntu-0ubuntu1.20.04"/>
    <property name="user.name" value="codex"/>
    <property name="path.separator" value=":"/>
    <property name="os.version" value="5.4.0-56-generic"/>
    <property name="java.runtime.name" value="OpenJDK Runtime Environment"/>
    <property name="file.encoding" value="UTF-8"/>
    <property name="java.vm.name" value="OpenJDK 64-Bit Server VM"/>
    <property name="localRepository" value="/home/codex/.m2/repository"/>
    <property name="java.vendor.url.bug" value="https://bugs.launchpad.net/ubuntu/+source/openjdk-lts"/>
    <property name="java.io.tmpdir" value="/tmp"/>
    <property name="java.version" value="11.0.9.1"/>
    <property name="user.dir" value="/home/codex/IdeaProjects/MoveYourBody"/>
    <property name="os.arch" value="amd64"/>
    <property name="java.vm.specification.name" value="Java Virtual Machine Specification"/>
    <property name="java.awt.printerjob" value="sun.print.PSPrinterJob"/>
    <property name="sun.os.patch.level" value="unknown"/>
    <property name="java.library.path" value="/usr/java/packages/lib:/usr/lib/x86_64-linux-gnu/jni:/lib/x86_64-linux-gnu:/usr/lib/x86_64-linux-gnu:/usr/lib/jni:/lib:/usr/lib"/>
    <property name="java.vm.info" value="mixed mode, sharing"/>
    <property name="java.vendor" value="Ubuntu"/>
    <property name="java.vm.version" value="11.0.9.1+1-Ubuntu-0ubuntu1.20.04"/>
    <property name="sun.io.unicode.encoding" value="UnicodeLittle"/>
    <property name="java.class.version" value="55.0"/>
  </properties>
  <testcase name="updatePlayer" classname="net.webApp.impl.PlayerDaoImplTest" time="0">
    <error message="org.postgresql.util.PSQLException: FATAL: password authentication failed for user &quot;thando&quot;" type="org.jdbi.v3.core.ConnectionException">org.jdbi.v3.core.ConnectionException: org.postgresql.util.PSQLException: FATAL: password authentication failed for user "thando"
	at net.webApp.impl.PlayerDaoImplTest.updatePlayer(PlayerDaoImplTest.java:75)
Caused by: org.postgresql.util.PSQLException: FATAL: password authentication failed for user "thando"
	at net.webApp.impl.PlayerDaoImplTest.updatePlayer(PlayerDaoImplTest.java:75)
</error>
  </testcase>
  <testcase name="addNewPlayer" classname="net.webApp.impl.PlayerDaoImplTest" time="0.026">
    <error message="org.postgresql.util.PSQLException: FATAL: password authentication failed for user &quot;thando&quot;" type="org.jdbi.v3.core.ConnectionException">org.jdbi.v3.core.ConnectionException: org.postgresql.util.PSQLException: FATAL: password authentication failed for user "thando"
	at net.webApp.impl.PlayerDaoImplTest.addNewPlayer(PlayerDaoImplTest.java:54)
Caused by: org.postgresql.util.PSQLException: FATAL: password authentication failed for user "thando"
	at net.webApp.impl.PlayerDaoImplTest.addNewPlayer(PlayerDaoImplTest.java:54)
</error>
  </testcase>
  <testcase name="getById" classname="net.webApp.impl.PlayerDaoImplTest" time="0.027">
    <error message="org.postgresql.util.PSQLException: FATAL: password authentication failed for user &quot;thando&quot;" type="org.jdbi.v3.core.ConnectionException">org.jdbi.v3.core.ConnectionException: org.postgresql.util.PSQLException: FATAL: password authentication failed for user "thando"
	at net.webApp.impl.PlayerDaoImplTest.getById(PlayerDaoImplTest.java:67)
Caused by: org.postgresql.util.PSQLException: FATAL: password authentication failed for user "thando"
	at net.webApp.impl.PlayerDaoImplTest.getById(PlayerDaoImplTest.java:67)
</error>
  </testcase>
  <testcase name="getAllPlayers" classname="net.webApp.impl.PlayerDaoImplTest" time="0.025">
    <error message="org.postgresql.util.PSQLException: FATAL: password authentication failed for user &quot;thando&quot;" type="org.jdbi.v3.core.ConnectionException">org.jdbi.v3.core.ConnectionException: org.postgresql.util.PSQLException: FATAL: password authentication failed for user "thando"
	at net.webApp.impl.PlayerDaoImplTest.getAllPlayers(PlayerDaoImplTest.java:61)
Caused by: org.postgresql.util.PSQLException: FATAL: password authentication failed for user "thando"
	at net.webApp.impl.PlayerDaoImplTest.getAllPlayers(PlayerDaoImplTest.java:61)
</error>
  </testcase>
  <testcase name="getPlayerExercises" classname="net.webApp.impl.PlayerDaoImplTest" time="0.024">
    <error message="org.postgresql.util.PSQLException: FATAL: password authentication failed for user &quot;thando&quot;" type="org.jdbi.v3.core.ConnectionException">org.jdbi.v3.core.ConnectionException: org.postgresql.util.PSQLException: FATAL: password authentication failed for user "thando"
	at net.webApp.impl.PlayerDaoImplTest.getPlayerExercises(PlayerDaoImplTest.java:84)
Caused by: org.postgresql.util.PSQLException: FATAL: password authentication failed for user "thando"
	at net.webApp.impl.PlayerDaoImplTest.getPlayerExercises(PlayerDaoImplTest.java:84)
</error>
  </testcase>
</testsuite>